<?xml version="1.0" encoding="UTF-8"?>
<testng-results ignored="0" total="1" passed="1" failed="0" skipped="0">
  <reporter-output>
  </reporter-output>
  <suite started-at="2020-11-23T10:36:23 IST" name="Testing Automation" finished-at="2020-11-23T10:37:11 IST" duration-ms="47921">
    <groups>
      <group name="cucumber">
        <method signature="TestRunner.feature(cucumber.api.testng.CucumberFeatureWrapper)[pri:0, instance:com.demoBlaze.Runner.TestRunner@366647c2]" name="feature" class="com.demoBlaze.Runner.TestRunner"/>
      </group> <!-- cucumber -->
    </groups>
    <test started-at="2020-11-23T10:36:23 IST" name="Test1" finished-at="2020-11-23T10:37:11 IST" duration-ms="47921">
      <class name="com.demoBlaze.Runner.TestRunner">
        <test-method is-config="true" signature="setUpClass()[pri:0, instance:com.demoBlaze.Runner.TestRunner@366647c2]" started-at="2020-11-23T10:36:23 IST" name="setUpClass" finished-at="2020-11-23T10:36:24 IST" duration-ms="266" status="PASS">
          <reporter-output>
          </reporter-output>
        </test-method> <!-- setUpClass -->
        <test-method signature="feature(cucumber.api.testng.CucumberFeatureWrapper)[pri:0, instance:com.demoBlaze.Runner.TestRunner@366647c2]" started-at="2020-11-23T10:36:24 IST" name="feature" description="Runs Cucumber Feature" data-provider="features" finished-at="2020-11-23T10:37:11 IST" duration-ms="47489" status="PASS">
          <params>
            <param index="0">
              <value>
                <![CDATA[demoBlaze]]>
              </value>
            </param>
          </params>
          <reporter-output>
          </reporter-output>
        </test-method> <!-- feature -->
        <test-method is-config="true" signature="tearDownClass()[pri:0, instance:com.demoBlaze.Runner.TestRunner@366647c2]" started-at="2020-11-23T10:37:11 IST" name="tearDownClass" finished-at="2020-11-23T10:37:11 IST" duration-ms="6" status="PASS">
          <reporter-output>
          </reporter-output>
        </test-method> <!-- tearDownClass -->
      </class> <!-- com.demoBlaze.Runner.TestRunner -->
    </test> <!-- Test1 -->
  </suite> <!-- Testing Automation -->
</testng-results>
